<?xml version="1.0" encoding="UTF-8"?>
<coverage generated="1668348501287" clover="3.2.0">
  <project timestamp="1668348501287" name="All files">
    <metrics statements="62" coveredstatements="48" conditionals="15" coveredconditionals="14" methods="21" coveredmethods="11" elements="98" coveredelements="73" complexity="0" loc="62" ncloc="62" packages="4" files="4" classes="4"/>
    <package name="config">
      <metrics statements="2" coveredstatements="2" conditionals="0" coveredconditionals="0" methods="0" coveredmethods="0"/>
      <file name="db.ts" path="C:\Users\abner\Documents\Projetos\space_flight\back-end\src\config\db.ts">
        <metrics statements="2" coveredstatements="2" conditionals="0" coveredconditionals="0" methods="0" coveredmethods="0"/>
        <line num="3" count="1" type="stmt"/>
        <line num="4" count="1" type="stmt"/>
      </file>
    </package>
    <package name="middlewares">
      <metrics statements="9" coveredstatements="4" conditionals="1" coveredconditionals="0" methods="5" coveredmethods="3"/>
      <file name="handlerErrorsMiddleware.ts" path="C:\Users\abner\Documents\Projetos\space_flight\back-end\src\middlewares\handlerErrorsMiddleware.ts">
        <metrics statements="9" coveredstatements="4" conditionals="1" coveredconditionals="0" methods="5" coveredmethods="3"/>
        <line num="3" count="1" type="stmt"/>
        <line num="11" count="3" type="stmt"/>
        <line num="15" count="1" type="stmt"/>
        <line num="18" count="2" type="stmt"/>
        <line num="22" count="0" type="stmt"/>
        <line num="26" count="0" type="cond" truecount="0" falsecount="1"/>
        <line num="27" count="0" type="stmt"/>
        <line num="29" count="0" type="stmt"/>
        <line num="30" count="0" type="stmt"/>
      </file>
    </package>
    <package name="repositories">
      <metrics statements="10" coveredstatements="1" conditionals="0" coveredconditionals="0" methods="8" coveredmethods="0"/>
      <file name="articleRepository.ts" path="C:\Users\abner\Documents\Projetos\space_flight\back-end\src\repositories\articleRepository.ts">
        <metrics statements="10" coveredstatements="1" conditionals="0" coveredconditionals="0" methods="8" coveredmethods="0"/>
        <line num="7" count="0" type="stmt"/>
        <line num="17" count="0" type="stmt"/>
        <line num="27" count="0" type="stmt"/>
        <line num="35" count="0" type="stmt"/>
        <line num="47" count="0" type="stmt"/>
        <line num="55" count="0" type="stmt"/>
        <line num="61" count="0" type="stmt"/>
        <line num="69" count="0" type="stmt"/>
        <line num="70" count="0" type="stmt"/>
        <line num="78" count="1" type="stmt"/>
      </file>
    </package>
    <package name="services">
      <metrics statements="41" coveredstatements="41" conditionals="14" coveredconditionals="14" methods="8" coveredmethods="8"/>
      <file name="articleService.ts" path="C:\Users\abner\Documents\Projetos\space_flight\back-end\src\services\articleService.ts">
        <metrics statements="41" coveredstatements="41" conditionals="14" coveredconditionals="14" methods="8" coveredmethods="8"/>
        <line num="9" count="1" type="stmt"/>
        <line num="10" count="1" type="stmt"/>
        <line num="11" count="1" type="stmt"/>
        <line num="15" count="2" type="stmt"/>
        <line num="16" count="2" type="cond" truecount="1" falsecount="0"/>
        <line num="17" count="1" type="stmt"/>
        <line num="19" count="1" type="stmt"/>
        <line num="23" count="2" type="cond" truecount="1" falsecount="0"/>
        <line num="24" count="1" type="stmt"/>
        <line num="26" count="1" type="stmt"/>
        <line num="27" count="1" type="stmt"/>
        <line num="28" count="1" type="stmt"/>
        <line num="33" count="2" type="stmt"/>
        <line num="34" count="2" type="cond" truecount="1" falsecount="0"/>
        <line num="35" count="1" type="stmt"/>
        <line num="37" count="1" type="stmt"/>
        <line num="41" count="4" type="stmt"/>
        <line num="42" count="4" type="cond" truecount="2" falsecount="0"/>
        <line num="43" count="3" type="stmt"/>
        <line num="45" count="1" type="stmt"/>
        <line num="47" count="4" type="cond" truecount="2" falsecount="0"/>
        <line num="48" count="2" type="stmt"/>
        <line num="50" count="2" type="stmt"/>
        <line num="53" count="4" type="stmt"/>
        <line num="57" count="2" type="stmt"/>
        <line num="58" count="2" type="stmt"/>
        <line num="59" count="2" type="stmt"/>
        <line num="60" count="2" type="cond" truecount="3" falsecount="0"/>
        <line num="61" count="1" type="stmt"/>
        <line num="62" count="1" type="stmt"/>
        <line num="64" count="1" type="stmt"/>
        <line num="68" count="2" type="stmt"/>
        <line num="69" count="2" type="cond" truecount="3" falsecount="0"/>
        <line num="70" count="1" type="stmt"/>
        <line num="72" count="1" type="stmt"/>
        <line num="73" count="1" type="stmt"/>
        <line num="77" count="2" type="stmt"/>
        <line num="78" count="2" type="cond" truecount="1" falsecount="0"/>
        <line num="79" count="1" type="stmt"/>
        <line num="81" count="1" type="stmt"/>
        <line num="84" count="1" type="stmt"/>
      </file>
    </package>
  </project>
</coverage>
