{"C:\\Users\\abner\\Documents\\Projetos\\space_flight\\back-end\\src\\config\\db.ts": {"path":"C:\\Users\\abner\\Documents\\Projetos\\space_flight\\back-end\\src\\config\\db.ts","statementMap":{"0":{"start":{"line":3,"column":25},"end":{"line":3,"column":28}},"1":{"start":{"line":4,"column":15},"end":{"line":4,"column":33}}},"fnMap":{},"branchMap":{},"s":{"0":1,"1":1},"f":{},"b":{}}
,"C:\\Users\\abner\\Documents\\Projetos\\space_flight\\back-end\\src\\middlewares\\handlerErrorsMiddleware.ts": {"path":"C:\\Users\\abner\\Documents\\Projetos\\space_flight\\back-end\\src\\middlewares\\handlerErrorsMiddleware.ts","statementMap":{"0":{"start":{"line":3,"column":33},"end":{"line":8,"column":2}},"1":{"start":{"line":11,"column":4},"end":{"line":11,"column":32}},"2":{"start":{"line":15,"column":4},"end":{"line":15,"column":32}},"3":{"start":{"line":18,"column":4},"end":{"line":18,"column":43}},"4":{"start":{"line":22,"column":4},"end":{"line":22,"column":36}},"5":{"start":{"line":26,"column":4},"end":{"line":28,"column":null}},"6":{"start":{"line":27,"column":8},"end":{"line":27,"column":66}},"7":{"start":{"line":29,"column":4},"end":{"line":29,"column":null}},"8":{"start":{"line":30,"column":4},"end":{"line":30,"column":24}}},"fnMap":{"0":{"name":"notFoundError","decl":{"start":{"line":10,"column":16},"end":{"line":10,"column":29}},"loc":{"start":{"line":10,"column":29},"end":{"line":12,"column":1}}},"1":{"name":"conflict","decl":{"start":{"line":14,"column":16},"end":{"line":14,"column":24}},"loc":{"start":{"line":14,"column":24},"end":{"line":16,"column":1}}},"2":{"name":"unprocessableEntity","decl":{"start":{"line":17,"column":16},"end":{"line":17,"column":35}},"loc":{"start":{"line":17,"column":35},"end":{"line":19,"column":1}}},"3":{"name":"unauthorized","decl":{"start":{"line":21,"column":16},"end":{"line":21,"column":28}},"loc":{"start":{"line":21,"column":28},"end":{"line":23,"column":1}}},"4":{"name":"handleErrorsMiddleware","decl":{"start":{"line":25,"column":24},"end":{"line":25,"column":46}},"loc":{"start":{"line":25,"column":99},"end":{"line":31,"column":1}}}},"branchMap":{"0":{"loc":{"start":{"line":26,"column":4},"end":{"line":28,"column":null}},"type":"if","locations":[{"start":{"line":26,"column":4},"end":{"line":28,"column":null}}]}},"s":{"0":1,"1":3,"2":1,"3":2,"4":0,"5":0,"6":0,"7":0,"8":0},"f":{"0":3,"1":1,"2":2,"3":0,"4":0},"b":{"0":[0]}}
,"C:\\Users\\abner\\Documents\\Projetos\\space_flight\\back-end\\src\\repositories\\articleRepository.ts": {"path":"C:\\Users\\abner\\Documents\\Projetos\\space_flight\\back-end\\src\\repositories\\articleRepository.ts","statementMap":{"0":{"start":{"line":7,"column":4},"end":{"line":13,"column":7}},"1":{"start":{"line":17,"column":4},"end":{"line":23,"column":7}},"2":{"start":{"line":27,"column":4},"end":{"line":31,"column":7}},"3":{"start":{"line":35,"column":4},"end":{"line":43,"column":7}},"4":{"start":{"line":47,"column":4},"end":{"line":51,"column":7}},"5":{"start":{"line":55,"column":4},"end":{"line":57,"column":7}},"6":{"start":{"line":61,"column":4},"end":{"line":65,"column":7}},"7":{"start":{"line":69,"column":4},"end":{"line":69,"column":22}},"8":{"start":{"line":70,"column":4},"end":{"line":75,"column":7}},"9":{"start":{"line":78,"column":26},"end":{"line":87,"column":2}}},"fnMap":{"0":{"name":"getArticles","decl":{"start":{"line":6,"column":15},"end":{"line":6,"column":26}},"loc":{"start":{"line":6,"column":56},"end":{"line":14,"column":null}}},"1":{"name":"getArticlesByDate","decl":{"start":{"line":16,"column":15},"end":{"line":16,"column":32}},"loc":{"start":{"line":16,"column":75},"end":{"line":24,"column":null}}},"2":{"name":"getArticleById","decl":{"start":{"line":26,"column":15},"end":{"line":26,"column":29}},"loc":{"start":{"line":26,"column":40},"end":{"line":32,"column":null}}},"3":{"name":"getArticleByTitle","decl":{"start":{"line":34,"column":15},"end":{"line":34,"column":32}},"loc":{"start":{"line":34,"column":74},"end":{"line":44,"column":null}}},"4":{"name":"checkTitleExist","decl":{"start":{"line":46,"column":15},"end":{"line":46,"column":30}},"loc":{"start":{"line":46,"column":44},"end":{"line":52,"column":null}}},"5":{"name":"insert","decl":{"start":{"line":54,"column":15},"end":{"line":54,"column":21}},"loc":{"start":{"line":54,"column":41},"end":{"line":58,"column":null}}},"6":{"name":"deleteArticle","decl":{"start":{"line":60,"column":15},"end":{"line":60,"column":28}},"loc":{"start":{"line":60,"column":39},"end":{"line":66,"column":null}}},"7":{"name":"updateArticle","decl":{"start":{"line":68,"column":15},"end":{"line":68,"column":28}},"loc":{"start":{"line":68,"column":48},"end":{"line":76,"column":null}}}},"branchMap":{},"s":{"0":0,"1":0,"2":0,"3":0,"4":0,"5":0,"6":0,"7":0,"8":0,"9":1},"f":{"0":0,"1":0,"2":0,"3":0,"4":0,"5":0,"6":0,"7":0},"b":{}}
,"C:\\Users\\abner\\Documents\\Projetos\\space_flight\\back-end\\src\\services\\articleService.ts": {"path":"C:\\Users\\abner\\Documents\\Projetos\\space_flight\\back-end\\src\\services\\articleService.ts","statementMap":{"0":{"start":{"line":9,"column":19},"end":{"line":9,"column":34}},"1":{"start":{"line":10,"column":21},"end":{"line":10,"column":97}},"2":{"start":{"line":11,"column":4},"end":{"line":11,"column":20}},"3":{"start":{"line":15,"column":20},"end":{"line":15,"column":62}},"4":{"start":{"line":16,"column":4},"end":{"line":18,"column":null}},"5":{"start":{"line":17,"column":8},"end":{"line":17,"column":43}},"6":{"start":{"line":19,"column":4},"end":{"line":19,"column":19}},"7":{"start":{"line":23,"column":4},"end":{"line":25,"column":null}},"8":{"start":{"line":24,"column":8},"end":{"line":24,"column":49}},"9":{"start":{"line":26,"column":19},"end":{"line":26,"column":34}},"10":{"start":{"line":27,"column":21},"end":{"line":27,"column":110}},"11":{"start":{"line":28,"column":4},"end":{"line":28,"column":20}},"12":{"start":{"line":33,"column":25},"end":{"line":33,"column":75}},"13":{"start":{"line":34,"column":4},"end":{"line":36,"column":null}},"14":{"start":{"line":35,"column":8},"end":{"line":35,"column":43}},"15":{"start":{"line":37,"column":4},"end":{"line":37,"column":51}},"16":{"start":{"line":41,"column":16},"end":{"line":41,"column":51}},"17":{"start":{"line":42,"column":4},"end":{"line":46,"column":null}},"18":{"start":{"line":43,"column":8},"end":{"line":43,"column":28}},"19":{"start":{"line":45,"column":8},"end":{"line":45,"column":31}},"20":{"start":{"line":47,"column":4},"end":{"line":51,"column":null}},"21":{"start":{"line":48,"column":8},"end":{"line":48,"column":30}},"22":{"start":{"line":50,"column":8},"end":{"line":50,"column":32}},"23":{"start":{"line":53,"column":4},"end":{"line":53,"column":15}},"24":{"start":{"line":57,"column":17},"end":{"line":57,"column":92}},"25":{"start":{"line":58,"column":23},"end":{"line":58,"column":69}},"26":{"start":{"line":59,"column":20},"end":{"line":59,"column":62}},"27":{"start":{"line":60,"column":4},"end":{"line":63,"column":null}},"28":{"start":{"line":61,"column":8},"end":{"line":61,"column":null}},"29":{"start":{"line":62,"column":8},"end":{"line":62,"column":38}},"30":{"start":{"line":64,"column":4},"end":{"line":64,"column":41}},"31":{"start":{"line":68,"column":19},"end":{"line":68,"column":34}},"32":{"start":{"line":69,"column":4},"end":{"line":71,"column":null}},"33":{"start":{"line":70,"column":8},"end":{"line":70,"column":49}},"34":{"start":{"line":72,"column":21},"end":{"line":72,"column":110}},"35":{"start":{"line":73,"column":4},"end":{"line":73,"column":20}},"36":{"start":{"line":77,"column":25},"end":{"line":77,"column":67}},"37":{"start":{"line":78,"column":4},"end":{"line":80,"column":null}},"38":{"start":{"line":79,"column":8},"end":{"line":79,"column":43}},"39":{"start":{"line":81,"column":4},"end":{"line":81,"column":46}},"40":{"start":{"line":84,"column":23},"end":{"line":92,"column":2}}},"fnMap":{"0":{"name":"getArticles","decl":{"start":{"line":8,"column":15},"end":{"line":8,"column":26}},"loc":{"start":{"line":8,"column":55},"end":{"line":12,"column":null}}},"1":{"name":"getArticleById","decl":{"start":{"line":14,"column":15},"end":{"line":14,"column":29}},"loc":{"start":{"line":14,"column":40},"end":{"line":20,"column":null}}},"2":{"name":"getArticleByTitle","decl":{"start":{"line":22,"column":15},"end":{"line":22,"column":32}},"loc":{"start":{"line":22,"column":77},"end":{"line":30,"column":null}}},"3":{"name":"updateArticle","decl":{"start":{"line":32,"column":15},"end":{"line":32,"column":28}},"loc":{"start":{"line":32,"column":51},"end":{"line":38,"column":null}}},"4":{"name":"aux","decl":{"start":{"line":40,"column":9},"end":{"line":40,"column":12}},"loc":{"start":{"line":40,"column":41},"end":{"line":54,"column":1}}},"5":{"name":"insertArticle","decl":{"start":{"line":56,"column":15},"end":{"line":56,"column":28}},"loc":{"start":{"line":56,"column":175},"end":{"line":65,"column":null}}},"6":{"name":"getArticlesByDate","decl":{"start":{"line":67,"column":15},"end":{"line":67,"column":32}},"loc":{"start":{"line":67,"column":76},"end":{"line":74,"column":null}}},"7":{"name":"deleteArticle","decl":{"start":{"line":76,"column":15},"end":{"line":76,"column":28}},"loc":{"start":{"line":76,"column":39},"end":{"line":82,"column":null}}}},"branchMap":{"0":{"loc":{"start":{"line":16,"column":4},"end":{"line":18,"column":null}},"type":"if","locations":[{"start":{"line":16,"column":4},"end":{"line":18,"column":null}}]},"1":{"loc":{"start":{"line":23,"column":4},"end":{"line":25,"column":null}},"type":"if","locations":[{"start":{"line":23,"column":4},"end":{"line":25,"column":null}}]},"2":{"loc":{"start":{"line":34,"column":4},"end":{"line":36,"column":null}},"type":"if","locations":[{"start":{"line":34,"column":4},"end":{"line":36,"column":null}}]},"3":{"loc":{"start":{"line":42,"column":4},"end":{"line":46,"column":null}},"type":"if","locations":[{"start":{"line":42,"column":4},"end":{"line":46,"column":null}},{"start":{"line":44,"column":11},"end":{"line":46,"column":null}}]},"4":{"loc":{"start":{"line":47,"column":4},"end":{"line":51,"column":null}},"type":"if","locations":[{"start":{"line":47,"column":4},"end":{"line":51,"column":null}},{"start":{"line":49,"column":11},"end":{"line":51,"column":null}}]},"5":{"loc":{"start":{"line":60,"column":4},"end":{"line":63,"column":null}},"type":"if","locations":[{"start":{"line":60,"column":4},"end":{"line":63,"column":null}}]},"6":{"loc":{"start":{"line":60,"column":8},"end":{"line":60,"column":29}},"type":"binary-expr","locations":[{"start":{"line":60,"column":8},"end":{"line":60,"column":18}},{"start":{"line":60,"column":22},"end":{"line":60,"column":29}}]},"7":{"loc":{"start":{"line":69,"column":4},"end":{"line":71,"column":null}},"type":"if","locations":[{"start":{"line":69,"column":4},"end":{"line":71,"column":null}}]},"8":{"loc":{"start":{"line":69,"column":8},"end":{"line":69,"column":43}},"type":"binary-expr","locations":[{"start":{"line":69,"column":8},"end":{"line":69,"column":23}},{"start":{"line":69,"column":27},"end":{"line":69,"column":43}}]},"9":{"loc":{"start":{"line":78,"column":4},"end":{"line":80,"column":null}},"type":"if","locations":[{"start":{"line":78,"column":4},"end":{"line":80,"column":null}}]}},"s":{"0":1,"1":1,"2":1,"3":2,"4":2,"5":1,"6":1,"7":2,"8":1,"9":1,"10":1,"11":1,"12":2,"13":2,"14":1,"15":1,"16":4,"17":4,"18":3,"19":1,"20":4,"21":2,"22":2,"23":4,"24":2,"25":2,"26":2,"27":2,"28":1,"29":1,"30":1,"31":2,"32":2,"33":1,"34":1,"35":1,"36":2,"37":2,"38":1,"39":1,"40":1},"f":{"0":1,"1":2,"2":2,"3":2,"4":4,"5":2,"6":2,"7":2},"b":{"0":[1],"1":[1],"2":[1],"3":[3,1],"4":[2,2],"5":[1],"6":[2,1],"7":[1],"8":[2,1],"9":[1]}}
}
