TN:
SF:src\config\db.ts
FNF:0
FNH:0
DA:3,1
DA:4,1
LF:2
LH:2
BRF:0
BRH:0
end_of_record
TN:
SF:src\middlewares\handlerErrorsMiddleware.ts
FN:10,notFoundError
FN:14,conflict
FN:17,unprocessableEntity
FN:21,unauthorized
FN:25,handleErrorsMiddleware
FNF:5
FNH:3
FNDA:3,notFoundError
FNDA:1,conflict
FNDA:2,unprocessableEntity
FNDA:0,unauthorized
FNDA:0,handleErrorsMiddleware
DA:3,1
DA:11,3
DA:15,1
DA:18,2
DA:22,0
DA:26,0
DA:27,0
DA:29,0
DA:30,0
LF:9
LH:4
BRDA:26,0,0,0
BRF:1
BRH:0
end_of_record
TN:
SF:src\repositories\articleRepository.ts
FN:6,getArticles
FN:16,getArticlesByDate
FN:26,getArticleById
FN:34,getArticleByTitle
FN:46,checkTitleExist
FN:54,insert
FN:60,deleteArticle
FN:68,updateArticle
FNF:8
FNH:0
FNDA:0,getArticles
FNDA:0,getArticlesByDate
FNDA:0,getArticleById
FNDA:0,getArticleByTitle
FNDA:0,checkTitleExist
FNDA:0,insert
FNDA:0,deleteArticle
FNDA:0,updateArticle
DA:7,0
DA:17,0
DA:27,0
DA:35,0
DA:47,0
DA:55,0
DA:61,0
DA:69,0
DA:70,0
DA:78,1
LF:10
LH:1
BRF:0
BRH:0
end_of_record
TN:
SF:src\services\articleService.ts
FN:8,getArticles
FN:14,getArticleById
FN:22,getArticleByTitle
FN:32,updateArticle
FN:40,aux
FN:56,insertArticle
FN:67,getArticlesByDate
FN:76,deleteArticle
FNF:8
FNH:8
FNDA:1,getArticles
FNDA:2,getArticleById
FNDA:2,getArticleByTitle
FNDA:2,updateArticle
FNDA:4,aux
FNDA:2,insertArticle
FNDA:2,getArticlesByDate
FNDA:2,deleteArticle
DA:9,1
DA:10,1
DA:11,1
DA:15,2
DA:16,2
DA:17,1
DA:19,1
DA:23,2
DA:24,1
DA:26,1
DA:27,1
DA:28,1
DA:33,2
DA:34,2
DA:35,1
DA:37,1
DA:41,4
DA:42,4
DA:43,3
DA:45,1
DA:47,4
DA:48,2
DA:50,2
DA:53,4
DA:57,2
DA:58,2
DA:59,2
DA:60,2
DA:61,1
DA:62,1
DA:64,1
DA:68,2
DA:69,2
DA:70,1
DA:72,1
DA:73,1
DA:77,2
DA:78,2
DA:79,1
DA:81,1
DA:84,1
LF:41
LH:41
BRDA:16,0,0,1
BRDA:23,1,0,1
BRDA:34,2,0,1
BRDA:42,3,0,3
BRDA:42,3,1,1
BRDA:47,4,0,2
BRDA:47,4,1,2
BRDA:60,5,0,1
BRDA:60,6,0,2
BRDA:60,6,1,1
BRDA:69,7,0,1
BRDA:69,8,0,2
BRDA:69,8,1,1
BRDA:78,9,0,1
BRF:14
BRH:14
end_of_record
